-------------------------------------------------------------------------------
Test set: ru.pstu.itse17.courses.GarbageCollectorApplicationTests
-------------------------------------------------------------------------------
Tests run: 1, Failures: 0, Errors: 1, Skipped: 0, Time elapsed: 0.513 s <<< FAILURE! - in ru.pstu.itse17.courses.GarbageCollectorApplicationTests
initializationError(ru.pstu.itse17.courses.GarbageCollectorApplicationTests)  Time elapsed: 0.008 s  <<< ERROR!
java.lang.IllegalStateException: Unable to find a @SpringBootConfiguration, you need to use @ContextConfiguration or @SpringBootTest(classes=...) with your test

